{
  "stats": {
    "suites": 1,
    "tests": 1,
    "passes": 1,
    "pending": 0,
    "failures": 0,
    "start": "2022-04-25T16:13:07.538Z",
    "end": "2022-04-25T16:13:48.270Z",
    "duration": 40732,
    "testsRegistered": 1,
    "passPercent": 100,
    "pendingPercent": 0,
    "other": 0,
    "hasOther": false,
    "skipped": 0,
    "hasSkipped": false
  },
  "results": [
    {
      "uuid": "82c6148a-fcb3-4a72-b045-1e08d0d875ac",
      "title": "",
      "fullFile": "cypress/integration/SampleTest.spec.js",
      "file": "cypress/integration/SampleTest.spec.js",
      "beforeHooks": [],
      "afterHooks": [],
      "tests": [],
      "suites": [
        {
          "uuid": "1f2501b1-1b35-40ca-876b-d56a1a4141b2",
          "title": "LoginTest",
          "fullFile": "",
          "file": "",
          "beforeHooks": [],
          "afterHooks": [],
          "tests": [
            {
              "title": "Sign in",
              "fullTitle": "LoginTest Sign in",
              "timedOut": null,
              "duration": 31252,
              "state": "passed",
              "speed": "slow",
              "pass": true,
              "fail": false,
              "pending": false,
              "context": null,
              "code": "cy.log('Inside Test');\nhome.clickImgAssignLeave();\nasl.fillEmployeeName('Deon');\nasl.selectddLeaveType('2');\nasl.fillFromDate('2022-04-14');\nasl.clickTxtComment();\nasl.fillToDate('2022-04-16');\nasl.clickTxtComment();\nasl.fillComment('Test Comment');\nasl.clickBtnAssign();\ncy.end;",
              "err": {},
              "uuid": "685aac93-4cab-4b14-8e37-2a1a30ce3079",
              "parentUUID": "1f2501b1-1b35-40ca-876b-d56a1a4141b2",
              "isHook": false,
              "skipped": false
            }
          ],
          "suites": [],
          "passes": [
            "685aac93-4cab-4b14-8e37-2a1a30ce3079"
          ],
          "failures": [],
          "pending": [],
          "skipped": [],
          "duration": 31252,
          "root": false,
          "rootEmpty": false,
          "_timeout": 2000
        }
      ],
      "passes": [],
      "failures": [],
      "pending": [],
      "skipped": [],
      "duration": 0,
      "root": true,
      "rootEmpty": true,
      "_timeout": 2000
    }
  ],
  "meta": {
    "mocha": {
      "version": "7.0.1"
    },
    "mochawesome": {
      "options": {
        "quiet": false,
        "reportFilename": "mochawesome",
        "saveHtml": true,
        "saveJson": true,
        "consoleReporter": "spec",
        "useInlineDiffs": false,
        "code": true
      },
      "version": "7.1.3"
    },
    "marge": {
      "options": {
        "reportDir": "cypress/results",
        "overwrite": false,
        "html": true,
        "json": true
      },
      "version": "6.2.0"
    }
  }
}