{
  "stats": {
    "suites": 1,
    "tests": 1,
    "passes": 1,
    "pending": 0,
    "failures": 0,
    "start": "2022-04-25T16:38:29.552Z",
    "end": "2022-04-25T16:39:10.169Z",
    "duration": 40617,
    "testsRegistered": 1,
    "passPercent": 100,
    "pendingPercent": 0,
    "other": 0,
    "hasOther": false,
    "skipped": 0,
    "hasSkipped": false
  },
  "results": [
    {
      "uuid": "cc1e0387-f94f-4d70-a6e9-520fea21d640",
      "title": "",
      "fullFile": "cypress/integration/SampleTest.spec.js",
      "file": "cypress/integration/SampleTest.spec.js",
      "beforeHooks": [],
      "afterHooks": [],
      "tests": [],
      "suites": [
        {
          "uuid": "360283fe-2579-4fd7-8776-a4ad6f4f4b1b",
          "title": "LoginTest",
          "fullFile": "",
          "file": "",
          "beforeHooks": [],
          "afterHooks": [],
          "tests": [
            {
              "title": "Sign in",
              "fullTitle": "LoginTest Sign in",
              "timedOut": null,
              "duration": 33741,
              "state": "passed",
              "speed": "slow",
              "pass": true,
              "fail": false,
              "pending": false,
              "context": null,
              "code": "cy.log('Inside Test');\nhome.clickImgAssignLeave();\nasl.fillEmployeeName('Deon');\nasl.selectddLeaveType('2');\nasl.fillFromDate('2022-04-14');\nasl.clickTxtComment();\nasl.fillToDate('2022-04-16');\nasl.clickTxtComment();\nasl.fillComment('Test Comment');\nasl.clickBtnAssign();\ncy.end;",
              "err": {},
              "uuid": "f1c0103a-a01f-411c-82a2-d20a568cfb38",
              "parentUUID": "360283fe-2579-4fd7-8776-a4ad6f4f4b1b",
              "isHook": false,
              "skipped": false
            }
          ],
          "suites": [],
          "passes": [
            "f1c0103a-a01f-411c-82a2-d20a568cfb38"
          ],
          "failures": [],
          "pending": [],
          "skipped": [],
          "duration": 33741,
          "root": false,
          "rootEmpty": false,
          "_timeout": 2000
        }
      ],
      "passes": [],
      "failures": [],
      "pending": [],
      "skipped": [],
      "duration": 0,
      "root": true,
      "rootEmpty": true,
      "_timeout": 2000
    }
  ],
  "meta": {
    "mocha": {
      "version": "7.0.1"
    },
    "mochawesome": {
      "options": {
        "quiet": false,
        "reportFilename": "mochawesome",
        "saveHtml": true,
        "saveJson": true,
        "consoleReporter": "spec",
        "useInlineDiffs": false,
        "code": true
      },
      "version": "7.1.3"
    },
    "marge": {
      "options": {
        "reportDir": "cypress/results",
        "overwrite": false,
        "html": true,
        "json": true
      },
      "version": "6.2.0"
    }
  }
}