{
  "stats": {
    "suites": 1,
    "tests": 1,
    "passes": 1,
    "pending": 0,
    "failures": 0,
    "start": "2022-04-25T16:51:19.362Z",
    "end": "2022-04-25T16:52:00.650Z",
    "duration": 41288,
    "testsRegistered": 1,
    "passPercent": 100,
    "pendingPercent": 0,
    "other": 0,
    "hasOther": false,
    "skipped": 0,
    "hasSkipped": false
  },
  "results": [
    {
      "uuid": "30d586e1-054e-4d9e-8130-2b3e5452e7db",
      "title": "",
      "fullFile": "cypress/integration/SampleTest.spec.js",
      "file": "cypress/integration/SampleTest.spec.js",
      "beforeHooks": [],
      "afterHooks": [],
      "tests": [],
      "suites": [
        {
          "uuid": "94d470fe-b331-4680-9de2-23d67116b2d6",
          "title": "LoginTest",
          "fullFile": "",
          "file": "",
          "beforeHooks": [],
          "afterHooks": [],
          "tests": [
            {
              "title": "Sign in",
              "fullTitle": "LoginTest Sign in",
              "timedOut": null,
              "duration": 34530,
              "state": "passed",
              "speed": "slow",
              "pass": true,
              "fail": false,
              "pending": false,
              "context": null,
              "code": "cy.log('Inside Test');\nhome.clickImgAssignLeave();\nasl.fillEmployeeName('Deon');\nasl.selectddLeaveType('2');\nasl.fillFromDate('2022-04-14');\nasl.clickTxtComment();\nasl.fillToDate('2022-04-16');\nasl.clickTxtComment();\nasl.fillComment('Test Comment');\nasl.clickBtnAssign();\ncy.end;",
              "err": {},
              "uuid": "49fd9323-7e14-49ab-a872-bbd74d42711c",
              "parentUUID": "94d470fe-b331-4680-9de2-23d67116b2d6",
              "isHook": false,
              "skipped": false
            }
          ],
          "suites": [],
          "passes": [
            "49fd9323-7e14-49ab-a872-bbd74d42711c"
          ],
          "failures": [],
          "pending": [],
          "skipped": [],
          "duration": 34530,
          "root": false,
          "rootEmpty": false,
          "_timeout": 2000
        }
      ],
      "passes": [],
      "failures": [],
      "pending": [],
      "skipped": [],
      "duration": 0,
      "root": true,
      "rootEmpty": true,
      "_timeout": 2000
    }
  ],
  "meta": {
    "mocha": {
      "version": "7.0.1"
    },
    "mochawesome": {
      "options": {
        "quiet": false,
        "reportFilename": "mochawesome",
        "saveHtml": true,
        "saveJson": true,
        "consoleReporter": "spec",
        "useInlineDiffs": false,
        "code": true
      },
      "version": "7.1.3"
    },
    "marge": {
      "options": {
        "reportDir": "cypress/results",
        "overwrite": false,
        "html": true,
        "json": true,
        "timestamp": "mmddyyyy_HHMMss"
      },
      "version": "6.2.0"
    }
  }
}